<?xml version="1.0" encoding="UTF-8"?>
<!-- Generated by org.testng.reporters.JUnitReportReporter -->
<testsuite skipped="0" hostname="Administrators-MacBook-Air.local" name="tests.SampleTestClass" tests="1" failures="0" timestamp="05 Feb 2019 09:44:41 GMT" time="0.012" errors="0">
  <testcase name="testMethod" time="0.012" classname="tests.SampleTestClass"/>
</testsuite> <!-- tests.SampleTestClass -->
