<?xml version="1.0" encoding="UTF-8"?>
<!-- Generated by org.testng.reporters.JUnitReportReporter -->
<testsuite skipped="0" hostname="Administrators-MacBook-Air.local" name="tests.TransactionTest" tests="2" failures="0" timestamp="23 Jan 2019 13:17:20 GMT" time="17.086" errors="0">
  <testcase name="Login_TC" time="0.808" classname="tests.TransactionTest"/>
  <testcase name="Transaction_TC" time="16.278" classname="tests.TransactionTest"/>
</testsuite> <!-- tests.TransactionTest -->
