<?xml version="1.0" encoding="UTF-8"?>
<!-- Generated by org.testng.reporters.JUnitReportReporter -->
<testsuite skipped="0" hostname="Administrators-MacBook-Air.local" name="am.TransactionSuite.LoginTest" tests="1" failures="0" timestamp="24 Jan 2019 08:36:17 GMT" time="5.274" errors="0">
  <testcase name="Login_TC" time="5.274" classname="am.TransactionSuite.LoginTest"/>
</testsuite> <!-- am.TransactionSuite.LoginTest -->
