<?xml version="1.0" encoding="UTF-8"?>
<!-- Generated by org.testng.reporters.JUnitReportReporter -->
<testsuite skipped="0" hostname="Administrators-MacBook-Air.local" name="tests.FirstTest" tests="1" failures="0" timestamp="27 Dec 2018 13:19:01 GMT" time="0.008" errors="0">
  <testcase name="testCase" time="0.008" classname="tests.FirstTest"/>
</testsuite> <!-- tests.FirstTest -->
