<?xml version="1.0" encoding="UTF-8"?>
<!-- Generated by org.testng.reporters.JUnitReportReporter -->
<testsuite skipped="0" hostname="Administrators-MacBook-Air.local" name="test.automation.framework.AppTest" tests="1" failures="0" timestamp="19 Dec 2018 13:42:44 GMT" time="0.043" errors="0">
  <testcase name="testApp" time="0.043" classname="test.automation.framework.AppTest"/>
</testsuite> <!-- test.automation.framework.AppTest -->
