<?xml version="1.0" encoding="UTF-8"?>
<!-- Generated by org.testng.reporters.JUnitReportReporter -->
<testsuite skipped="0" hostname="Administrators-MacBook-Air.local" name="tests.InterviewTaskTest" tests="1" failures="0" timestamp="25 Dec 2018 13:45:25 GMT" time="11.592" errors="0">
  <testcase name="testCase" time="11.592" classname="tests.InterviewTaskTest"/>
</testsuite> <!-- tests.InterviewTaskTest -->
