<?xml version="1.0" encoding="UTF-8"?>
<!-- Generated by org.testng.reporters.JUnitReportReporter -->
<testsuite skipped="0" hostname="Administrators-MacBook-Air.local" name="test.automation.framework.OracleHomeTest" tests="1" failures="0" timestamp="21 Dec 2018 08:35:31 GMT" time="8.733" errors="0">
  <testcase name="homePageTests" time="8.733" classname="test.automation.framework.OracleHomeTest"/>
</testsuite> <!-- test.automation.framework.OracleHomeTest -->
