<?xml version="1.0" encoding="UTF-8"?>
<!-- Generated by org.testng.reporters.JUnitReportReporter -->
<testsuite skipped="0" hostname="Administrators-MacBook-Air.local" name="am.LoginSuite.LoginTest" tests="1" failures="0" timestamp="24 Jan 2019 07:15:40 GMT" time="4.221" errors="0">
  <testcase name="login_TC" time="4.221" classname="am.LoginSuite.LoginTest"/>
</testsuite> <!-- am.LoginSuite.LoginTest -->
