<?xml version="1.0" encoding="UTF-8"?>
<!-- Generated by org.testng.reporters.JUnitReportReporter -->
<testsuite skipped="0" hostname="Administrators-MacBook-Air.local" name="am.TransactionSuite.TransactionTest" tests="6" failures="0" timestamp="06 Feb 2019 12:26:04 GMT" time="305.701" errors="0">
  <testcase name="Login_TC" time="7.187" classname="am.TransactionSuite.TransactionTest"/>
  <testcase name="Transaction_TC" time="63.226" classname="am.TransactionSuite.TransactionTest"/>
  <testcase name="Transaction_TC" time="51.259" classname="am.TransactionSuite.TransactionTest"/>
  <testcase name="Transaction_TC" time="66.789" classname="am.TransactionSuite.TransactionTest"/>
  <testcase name="Transaction_TC" time="53.129" classname="am.TransactionSuite.TransactionTest"/>
  <testcase name="Transaction_TC" time="64.111" classname="am.TransactionSuite.TransactionTest"/>
</testsuite> <!-- am.TransactionSuite.TransactionTest -->
