<?xml version="1.0" encoding="UTF-8"?>
<!-- Generated by org.testng.reporters.JUnitReportReporter -->
<testsuite skipped="0" hostname="Administrators-MacBook-Air.local" name="tests.Login_TC001" tests="1" failures="0" timestamp="15 Jan 2019 14:38:33 GMT" time="0.996" errors="0">
  <testcase name="loginTC" time="0.996" classname="tests.Login_TC001"/>
</testsuite> <!-- tests.Login_TC001 -->
