<?xml version="1.0" encoding="UTF-8"?>
<!-- Generated by org.testng.reporters.JUnitReportReporter -->
<testsuite skipped="0" hostname="Administrators-MacBook-Air.local" name="tests.WithDrawTest" tests="1" failures="0" timestamp="17 Jan 2019 12:41:40 GMT" time="13.722" errors="0">
  <testcase name="withdraw_TC" time="13.722" classname="tests.WithDrawTest"/>
</testsuite> <!-- tests.WithDrawTest -->
