<?xml version="1.0" encoding="UTF-8"?>
<!-- Generated by org.testng.reporters.JUnitReportReporter -->
<testsuite skipped="0" hostname="Administrators-MacBook-Air.local" name="tests.FirstTest" tests="1" failures="0" timestamp="14 Jan 2019 07:40:08 GMT" time="0.003" errors="0">
  <testcase name="testCase" time="0.003" classname="tests.FirstTest"/>
</testsuite> <!-- tests.FirstTest -->
